h:\downloads\d3d9-wrapper-master (4)\d3d9-wrapper-master\build\obj\win32\debug\vc143.pdb
h:\downloads\d3d9-wrapper-master (4)\d3d9-wrapper-master\build\obj\win32\debug\vc143.idb
h:\downloads\d3d9-wrapper-master (4)\d3d9-wrapper-master\build\obj\win32\debug\dllmain.obj
h:\downloads\d3d9-wrapper-master (4)\d3d9-wrapper-master\build\obj\win32\debug\interfacequery.obj
h:\downloads\d3d9-wrapper-master (4)\d3d9-wrapper-master\build\obj\win32\debug\idirect3dvolumetexture9.obj
h:\downloads\d3d9-wrapper-master (4)\d3d9-wrapper-master\build\obj\win32\debug\idirect3dvolume9.obj
h:\downloads\d3d9-wrapper-master (4)\d3d9-wrapper-master\build\obj\win32\debug\idirect3dvertexshader9.obj
h:\downloads\d3d9-wrapper-master (4)\d3d9-wrapper-master\build\obj\win32\debug\idirect3dvertexdeclaration9.obj
h:\downloads\d3d9-wrapper-master (4)\d3d9-wrapper-master\build\obj\win32\debug\idirect3dvertexbuffer9.obj
h:\downloads\d3d9-wrapper-master (4)\d3d9-wrapper-master\build\obj\win32\debug\idirect3dtexture9.obj
h:\downloads\d3d9-wrapper-master (4)\d3d9-wrapper-master\build\obj\win32\debug\idirect3dswapchain9ex.obj
h:\downloads\d3d9-wrapper-master (4)\d3d9-wrapper-master\build\obj\win32\debug\idirect3dsurface9.obj
h:\downloads\d3d9-wrapper-master (4)\d3d9-wrapper-master\build\obj\win32\debug\idirect3dstateblock9.obj
h:\downloads\d3d9-wrapper-master (4)\d3d9-wrapper-master\build\obj\win32\debug\idirect3dquery9.obj
h:\downloads\d3d9-wrapper-master (4)\d3d9-wrapper-master\build\obj\win32\debug\idirect3dpixelshader9.obj
h:\downloads\d3d9-wrapper-master (4)\d3d9-wrapper-master\build\obj\win32\debug\idirect3dindexbuffer9.obj
h:\downloads\d3d9-wrapper-master (4)\d3d9-wrapper-master\build\obj\win32\debug\idirect3ddevice9ex.obj
h:\downloads\d3d9-wrapper-master (4)\d3d9-wrapper-master\build\obj\win32\debug\idirect3dcubetexture9.obj
h:\downloads\d3d9-wrapper-master (4)\d3d9-wrapper-master\build\obj\win32\debug\idirect3d9ex.obj
h:\downloads\d3d9-wrapper-master (4)\d3d9-wrapper-master\data\d3d9.dll
h:\downloads\d3d9-wrapper-master (4)\d3d9-wrapper-master\data\d3d9.pdb
h:\downloads\d3d9-wrapper-master (4)\d3d9-wrapper-master\build\obj\win32\debug\versioninfo.res
h:\downloads\d3d9-wrapper-master (4)\d3d9-wrapper-master\data\d3d9.lib
h:\downloads\d3d9-wrapper-master (4)\d3d9-wrapper-master\data\d3d9.exp
h:\downloads\d3d9-wrapper-master (4)\d3d9-wrapper-master\build\obj\win32\debug\d3d9.ilk
h:\downloads\d3d9-wrapper-master (4)\d3d9-wrapper-master\build\obj\win32\debug\d3d9-wrapper.tlog\cl.command.1.tlog
h:\downloads\d3d9-wrapper-master (4)\d3d9-wrapper-master\build\obj\win32\debug\d3d9-wrapper.tlog\cl.items.tlog
h:\downloads\d3d9-wrapper-master (4)\d3d9-wrapper-master\build\obj\win32\debug\d3d9-wrapper.tlog\cl.read.1.tlog
h:\downloads\d3d9-wrapper-master (4)\d3d9-wrapper-master\build\obj\win32\debug\d3d9-wrapper.tlog\cl.write.1.tlog
h:\downloads\d3d9-wrapper-master (4)\d3d9-wrapper-master\build\obj\win32\debug\d3d9-wrapper.tlog\link.command.1.tlog
h:\downloads\d3d9-wrapper-master (4)\d3d9-wrapper-master\build\obj\win32\debug\d3d9-wrapper.tlog\link.read.1.tlog
h:\downloads\d3d9-wrapper-master (4)\d3d9-wrapper-master\build\obj\win32\debug\d3d9-wrapper.tlog\link.secondary.1.tlog
h:\downloads\d3d9-wrapper-master (4)\d3d9-wrapper-master\build\obj\win32\debug\d3d9-wrapper.tlog\link.write.1.tlog
h:\downloads\d3d9-wrapper-master (4)\d3d9-wrapper-master\build\obj\win32\debug\d3d9-wrapper.tlog\rc.command.1.tlog
h:\downloads\d3d9-wrapper-master (4)\d3d9-wrapper-master\build\obj\win32\debug\d3d9-wrapper.tlog\rc.read.1.tlog
h:\downloads\d3d9-wrapper-master (4)\d3d9-wrapper-master\build\obj\win32\debug\d3d9-wrapper.tlog\rc.write.1.tlog
